[2015-06-09 15:33:06] production.ERROR: exception 'ErrorException' with message 'file_put_contents(/var/www/blankon-fullpack-admin-theme/1.0.8/production/admin/laravel/bootstrap/cache/services.json): failed to open stream: No such file or directory' in /var/www/blankon-fullpack-admin-theme/1.0.8/production/admin/laravel/vendor/laravel/framework/src/Illuminate/Filesystem/Filesystem.php:81
Stack trace:
#0 [internal function]: Illuminate\Foundation\Bootstrap\HandleExceptions->handleError(2, 'file_put_conten...', '/var/www/blanko...', 81, Array)
#1 /var/www/blankon-fullpack-admin-theme/1.0.8/production/admin/laravel/vendor/laravel/framework/src/Illuminate/Filesystem/Filesystem.php(81): file_put_contents('/var/www/blanko...', '{?    "provider...', 0)
#2 /var/www/blankon-fullpack-admin-theme/1.0.8/production/admin/laravel/vendor/laravel/framework/src/Illuminate/Foundation/ProviderRepository.php(188): Illuminate\Filesystem\Filesystem->put('/var/www/blanko...', '{?    "provider...')
#3 /var/www/blankon-fullpack-admin-theme/1.0.8/production/admin/laravel/vendor/laravel/framework/src/Illuminate/Foundation/ProviderRepository.php(135): Illuminate\Foundation\ProviderRepository->writeManifest(Array)
#4 /var/www/blankon-fullpack-admin-theme/1.0.8/production/admin/laravel/vendor/laravel/framework/src/Illuminate/Foundation/ProviderRepository.php(60): Illuminate\Foundation\ProviderRepository->compileManifest(Array)
#5 /var/www/blankon-fullpack-admin-theme/1.0.8/production/admin/laravel/vendor/laravel/framework/src/Illuminate/Foundation/Application.php(475): Illuminate\Foundation\ProviderRepository->load(Array)
#6 /var/www/blankon-fullpack-admin-theme/1.0.8/production/admin/laravel/vendor/laravel/framework/src/Illuminate/Foundation/Bootstrap/RegisterProviders.php(17): Illuminate\Foundation\Application->registerConfiguredProviders()
#7 /var/www/blankon-fullpack-admin-theme/1.0.8/production/admin/laravel/vendor/laravel/framework/src/Illuminate/Foundation/Application.php(194): Illuminate\Foundation\Bootstrap\RegisterProviders->bootstrap(Object(Illuminate\Foundation\Application))
#8 /var/www/blankon-fullpack-admin-theme/1.0.8/production/admin/laravel/vendor/laravel/framework/src/Illuminate/Foundation/Http/Kernel.php(215): Illuminate\Foundation\Application->bootstrapWith(Array)
#9 /var/www/blankon-fullpack-admin-theme/1.0.8/production/admin/laravel/vendor/laravel/framework/src/Illuminate/Foundation/Http/Kernel.php(110): Illuminate\Foundation\Http\Kernel->bootstrap()
#10 /var/www/blankon-fullpack-admin-theme/1.0.8/production/admin/laravel/vendor/laravel/framework/src/Illuminate/Foundation/Http/Kernel.php(86): Illuminate\Foundation\Http\Kernel->sendRequestThroughRouter(Object(Illuminate\Http\Request))
#11 /var/www/blankon-fullpack-admin-theme/1.0.8/production/admin/laravel/public/index.php(53): Illuminate\Foundation\Http\Kernel->handle(Object(Illuminate\Http\Request))
#12 {main}  
[2015-06-09 15:33:06] production.ERROR: exception 'ReflectionException' with message 'Class encrypter does not exist' in /var/www/blankon-fullpack-admin-theme/1.0.8/production/admin/laravel/vendor/laravel/framework/src/Illuminate/Container/Container.php:736
Stack trace:
#0 /var/www/blankon-fullpack-admin-theme/1.0.8/production/admin/laravel/vendor/laravel/framework/src/Illuminate/Container/Container.php(736): ReflectionClass->__construct('encrypter')
#1 /var/www/blankon-fullpack-admin-theme/1.0.8/production/admin/laravel/vendor/laravel/framework/src/Illuminate/Container/Container.php(626): Illuminate\Container\Container->build('encrypter', Array)
#2 /var/www/blankon-fullpack-admin-theme/1.0.8/production/admin/laravel/vendor/laravel/framework/src/Illuminate/Foundation/Application.php(642): Illuminate\Container\Container->make('encrypter', Array)
#3 /var/www/blankon-fullpack-admin-theme/1.0.8/production/admin/laravel/vendor/laravel/framework/src/Illuminate/Container/Container.php(837): Illuminate\Foundation\Application->make('Illuminate\Cont...')
#4 /var/www/blankon-fullpack-admin-theme/1.0.8/production/admin/laravel/vendor/laravel/framework/src/Illuminate/Container/Container.php(800): Illuminate\Container\Container->resolveClass(Object(ReflectionParameter))
#5 /var/www/blankon-fullpack-admin-theme/1.0.8/production/admin/laravel/vendor/laravel/framework/src/Illuminate/Container/Container.php(771): Illuminate\Container\Container->getDependencies(Array, Array)
#6 /var/www/blankon-fullpack-admin-theme/1.0.8/production/admin/laravel/vendor/laravel/framework/src/Illuminate/Container/Container.php(626): Illuminate\Container\Container->build('Illuminate\Cook...', Array)
#7 /var/www/blankon-fullpack-admin-theme/1.0.8/production/admin/laravel/vendor/laravel/framework/src/Illuminate/Foundation/Application.php(642): Illuminate\Container\Container->make('Illuminate\Cook...', Array)
#8 /var/www/blankon-fullpack-admin-theme/1.0.8/production/admin/laravel/vendor/laravel/framework/src/Illuminate/Foundation/Http/Kernel.php(135): Illuminate\Foundation\Application->make('Illuminate\Cook...')
#9 /var/www/blankon-fullpack-admin-theme/1.0.8/production/admin/laravel/public/index.php(57): Illuminate\Foundation\Http\Kernel->terminate(Object(Illuminate\Http\Request), Object(Illuminate\Http\Response))
#10 {main}  
[2015-06-09 15:34:57] production.ERROR: exception 'ErrorException' with message 'file_put_contents(/var/www/blankon-fullpack-admin-theme/1.0.8/production/admin/laravel/bootstrap/cache/services.json): failed to open stream: No such file or directory' in /var/www/blankon-fullpack-admin-theme/1.0.8/production/admin/laravel/vendor/laravel/framework/src/Illuminate/Filesystem/Filesystem.php:81
Stack trace:
#0 [internal function]: Illuminate\Foundation\Bootstrap\HandleExceptions->handleError(2, 'file_put_conten...', '/var/www/blanko...', 81, Array)
#1 /var/www/blankon-fullpack-admin-theme/1.0.8/production/admin/laravel/vendor/laravel/framework/src/Illuminate/Filesystem/Filesystem.php(81): file_put_contents('/var/www/blanko...', '{?    "provider...', 0)
#2 /var/www/blankon-fullpack-admin-theme/1.0.8/production/admin/laravel/vendor/laravel/framework/src/Illuminate/Foundation/ProviderRepository.php(188): Illuminate\Filesystem\Filesystem->put('/var/www/blanko...', '{?    "provider...')
#3 /var/www/blankon-fullpack-admin-theme/1.0.8/production/admin/laravel/vendor/laravel/framework/src/Illuminate/Foundation/ProviderRepository.php(135): Illuminate\Foundation\ProviderRepository->writeManifest(Array)
#4 /var/www/blankon-fullpack-admin-theme/1.0.8/production/admin/laravel/vendor/laravel/framework/src/Illuminate/Foundation/ProviderRepository.php(60): Illuminate\Foundation\ProviderRepository->compileManifest(Array)
#5 /var/www/blankon-fullpack-admin-theme/1.0.8/production/admin/laravel/vendor/laravel/framework/src/Illuminate/Foundation/Application.php(475): Illuminate\Foundation\ProviderRepository->load(Array)
#6 /var/www/blankon-fullpack-admin-theme/1.0.8/production/admin/laravel/vendor/laravel/framework/src/Illuminate/Foundation/Bootstrap/RegisterProviders.php(17): Illuminate\Foundation\Application->registerConfiguredProviders()
#7 /var/www/blankon-fullpack-admin-theme/1.0.8/production/admin/laravel/vendor/laravel/framework/src/Illuminate/Foundation/Application.php(194): Illuminate\Foundation\Bootstrap\RegisterProviders->bootstrap(Object(Illuminate\Foundation\Application))
#8 /var/www/blankon-fullpack-admin-theme/1.0.8/production/admin/laravel/vendor/laravel/framework/src/Illuminate/Foundation/Http/Kernel.php(215): Illuminate\Foundation\Application->bootstrapWith(Array)
#9 /var/www/blankon-fullpack-admin-theme/1.0.8/production/admin/laravel/vendor/laravel/framework/src/Illuminate/Foundation/Http/Kernel.php(110): Illuminate\Foundation\Http\Kernel->bootstrap()
#10 /var/www/blankon-fullpack-admin-theme/1.0.8/production/admin/laravel/vendor/laravel/framework/src/Illuminate/Foundation/Http/Kernel.php(86): Illuminate\Foundation\Http\Kernel->sendRequestThroughRouter(Object(Illuminate\Http\Request))
#11 /var/www/blankon-fullpack-admin-theme/1.0.8/production/admin/laravel/public/index.php(53): Illuminate\Foundation\Http\Kernel->handle(Object(Illuminate\Http\Request))
#12 {main}  
[2015-06-09 15:34:57] production.ERROR: exception 'ReflectionException' with message 'Class encrypter does not exist' in /var/www/blankon-fullpack-admin-theme/1.0.8/production/admin/laravel/vendor/laravel/framework/src/Illuminate/Container/Container.php:736
Stack trace:
#0 /var/www/blankon-fullpack-admin-theme/1.0.8/production/admin/laravel/vendor/laravel/framework/src/Illuminate/Container/Container.php(736): ReflectionClass->__construct('encrypter')
#1 /var/www/blankon-fullpack-admin-theme/1.0.8/production/admin/laravel/vendor/laravel/framework/src/Illuminate/Container/Container.php(626): Illuminate\Container\Container->build('encrypter', Array)
#2 /var/www/blankon-fullpack-admin-theme/1.0.8/production/admin/laravel/vendor/laravel/framework/src/Illuminate/Foundation/Application.php(642): Illuminate\Container\Container->make('encrypter', Array)
#3 /var/www/blankon-fullpack-admin-theme/1.0.8/production/admin/laravel/vendor/laravel/framework/src/Illuminate/Container/Container.php(837): Illuminate\Foundation\Application->make('Illuminate\Cont...')
#4 /var/www/blankon-fullpack-admin-theme/1.0.8/production/admin/laravel/vendor/laravel/framework/src/Illuminate/Container/Container.php(800): Illuminate\Container\Container->resolveClass(Object(ReflectionParameter))
#5 /var/www/blankon-fullpack-admin-theme/1.0.8/production/admin/laravel/vendor/laravel/framework/src/Illuminate/Container/Container.php(771): Illuminate\Container\Container->getDependencies(Array, Array)
#6 /var/www/blankon-fullpack-admin-theme/1.0.8/production/admin/laravel/vendor/laravel/framework/src/Illuminate/Container/Container.php(626): Illuminate\Container\Container->build('Illuminate\Cook...', Array)
#7 /var/www/blankon-fullpack-admin-theme/1.0.8/production/admin/laravel/vendor/laravel/framework/src/Illuminate/Foundation/Application.php(642): Illuminate\Container\Container->make('Illuminate\Cook...', Array)
#8 /var/www/blankon-fullpack-admin-theme/1.0.8/production/admin/laravel/vendor/laravel/framework/src/Illuminate/Foundation/Http/Kernel.php(135): Illuminate\Foundation\Application->make('Illuminate\Cook...')
#9 /var/www/blankon-fullpack-admin-theme/1.0.8/production/admin/laravel/public/index.php(57): Illuminate\Foundation\Http\Kernel->terminate(Object(Illuminate\Http\Request), Object(Illuminate\Http\Response))
#10 {main}  
[2015-06-09 15:35:03] production.ERROR: exception 'ErrorException' with message 'file_put_contents(/var/www/blankon-fullpack-admin-theme/1.0.8/production/admin/laravel/bootstrap/cache/services.json): failed to open stream: No such file or directory' in /var/www/blankon-fullpack-admin-theme/1.0.8/production/admin/laravel/vendor/laravel/framework/src/Illuminate/Filesystem/Filesystem.php:81
Stack trace:
#0 [internal function]: Illuminate\Foundation\Bootstrap\HandleExceptions->handleError(2, 'file_put_conten...', '/var/www/blanko...', 81, Array)
#1 /var/www/blankon-fullpack-admin-theme/1.0.8/production/admin/laravel/vendor/laravel/framework/src/Illuminate/Filesystem/Filesystem.php(81): file_put_contents('/var/www/blanko...', '{?    "provider...', 0)
#2 /var/www/blankon-fullpack-admin-theme/1.0.8/production/admin/laravel/vendor/laravel/framework/src/Illuminate/Foundation/ProviderRepository.php(188): Illuminate\Filesystem\Filesystem->put('/var/www/blanko...', '{?    "provider...')
#3 /var/www/blankon-fullpack-admin-theme/1.0.8/production/admin/laravel/vendor/laravel/framework/src/Illuminate/Foundation/ProviderRepository.php(135): Illuminate\Foundation\ProviderRepository->writeManifest(Array)
#4 /var/www/blankon-fullpack-admin-theme/1.0.8/production/admin/laravel/vendor/laravel/framework/src/Illuminate/Foundation/ProviderRepository.php(60): Illuminate\Foundation\ProviderRepository->compileManifest(Array)
#5 /var/www/blankon-fullpack-admin-theme/1.0.8/production/admin/laravel/vendor/laravel/framework/src/Illuminate/Foundation/Application.php(475): Illuminate\Foundation\ProviderRepository->load(Array)
#6 /var/www/blankon-fullpack-admin-theme/1.0.8/production/admin/laravel/vendor/laravel/framework/src/Illuminate/Foundation/Bootstrap/RegisterProviders.php(17): Illuminate\Foundation\Application->registerConfiguredProviders()
#7 /var/www/blankon-fullpack-admin-theme/1.0.8/production/admin/laravel/vendor/laravel/framework/src/Illuminate/Foundation/Application.php(194): Illuminate\Foundation\Bootstrap\RegisterProviders->bootstrap(Object(Illuminate\Foundation\Application))
#8 /var/www/blankon-fullpack-admin-theme/1.0.8/production/admin/laravel/vendor/laravel/framework/src/Illuminate/Foundation/Http/Kernel.php(215): Illuminate\Foundation\Application->bootstrapWith(Array)
#9 /var/www/blankon-fullpack-admin-theme/1.0.8/production/admin/laravel/vendor/laravel/framework/src/Illuminate/Foundation/Http/Kernel.php(110): Illuminate\Foundation\Http\Kernel->bootstrap()
#10 /var/www/blankon-fullpack-admin-theme/1.0.8/production/admin/laravel/vendor/laravel/framework/src/Illuminate/Foundation/Http/Kernel.php(86): Illuminate\Foundation\Http\Kernel->sendRequestThroughRouter(Object(Illuminate\Http\Request))
#11 /var/www/blankon-fullpack-admin-theme/1.0.8/production/admin/laravel/public/index.php(53): Illuminate\Foundation\Http\Kernel->handle(Object(Illuminate\Http\Request))
#12 {main}  
[2015-06-09 15:35:03] production.ERROR: exception 'ReflectionException' with message 'Class encrypter does not exist' in /var/www/blankon-fullpack-admin-theme/1.0.8/production/admin/laravel/vendor/laravel/framework/src/Illuminate/Container/Container.php:736
Stack trace:
#0 /var/www/blankon-fullpack-admin-theme/1.0.8/production/admin/laravel/vendor/laravel/framework/src/Illuminate/Container/Container.php(736): ReflectionClass->__construct('encrypter')
#1 /var/www/blankon-fullpack-admin-theme/1.0.8/production/admin/laravel/vendor/laravel/framework/src/Illuminate/Container/Container.php(626): Illuminate\Container\Container->build('encrypter', Array)
#2 /var/www/blankon-fullpack-admin-theme/1.0.8/production/admin/laravel/vendor/laravel/framework/src/Illuminate/Foundation/Application.php(642): Illuminate\Container\Container->make('encrypter', Array)
#3 /var/www/blankon-fullpack-admin-theme/1.0.8/production/admin/laravel/vendor/laravel/framework/src/Illuminate/Container/Container.php(837): Illuminate\Foundation\Application->make('Illuminate\Cont...')
#4 /var/www/blankon-fullpack-admin-theme/1.0.8/production/admin/laravel/vendor/laravel/framework/src/Illuminate/Container/Container.php(800): Illuminate\Container\Container->resolveClass(Object(ReflectionParameter))
#5 /var/www/blankon-fullpack-admin-theme/1.0.8/production/admin/laravel/vendor/laravel/framework/src/Illuminate/Container/Container.php(771): Illuminate\Container\Container->getDependencies(Array, Array)
#6 /var/www/blankon-fullpack-admin-theme/1.0.8/production/admin/laravel/vendor/laravel/framework/src/Illuminate/Container/Container.php(626): Illuminate\Container\Container->build('Illuminate\Cook...', Array)
#7 /var/www/blankon-fullpack-admin-theme/1.0.8/production/admin/laravel/vendor/laravel/framework/src/Illuminate/Foundation/Application.php(642): Illuminate\Container\Container->make('Illuminate\Cook...', Array)
#8 /var/www/blankon-fullpack-admin-theme/1.0.8/production/admin/laravel/vendor/laravel/framework/src/Illuminate/Foundation/Http/Kernel.php(135): Illuminate\Foundation\Application->make('Illuminate\Cook...')
#9 /var/www/blankon-fullpack-admin-theme/1.0.8/production/admin/laravel/public/index.php(57): Illuminate\Foundation\Http\Kernel->terminate(Object(Illuminate\Http\Request), Object(Illuminate\Http\Response))
#10 {main}  
[2015-06-09 15:37:37] production.ERROR: exception 'ErrorException' with message 'file_put_contents(/var/www/blankon-fullpack-admin-theme/1.0.8/production/admin/laravel/bootstrap/cache/services.json): failed to open stream: No such file or directory' in /var/www/blankon-fullpack-admin-theme/1.0.8/production/admin/laravel/vendor/laravel/framework/src/Illuminate/Filesystem/Filesystem.php:81
Stack trace:
#0 [internal function]: Illuminate\Foundation\Bootstrap\HandleExceptions->handleError(2, 'file_put_conten...', '/var/www/blanko...', 81, Array)
#1 /var/www/blankon-fullpack-admin-theme/1.0.8/production/admin/laravel/vendor/laravel/framework/src/Illuminate/Filesystem/Filesystem.php(81): file_put_contents('/var/www/blanko...', '{?    "provider...', 0)
#2 /var/www/blankon-fullpack-admin-theme/1.0.8/production/admin/laravel/vendor/laravel/framework/src/Illuminate/Foundation/ProviderRepository.php(188): Illuminate\Filesystem\Filesystem->put('/var/www/blanko...', '{?    "provider...')
#3 /var/www/blankon-fullpack-admin-theme/1.0.8/production/admin/laravel/vendor/laravel/framework/src/Illuminate/Foundation/ProviderRepository.php(135): Illuminate\Foundation\ProviderRepository->writeManifest(Array)
#4 /var/www/blankon-fullpack-admin-theme/1.0.8/production/admin/laravel/vendor/laravel/framework/src/Illuminate/Foundation/ProviderRepository.php(60): Illuminate\Foundation\ProviderRepository->compileManifest(Array)
#5 /var/www/blankon-fullpack-admin-theme/1.0.8/production/admin/laravel/vendor/laravel/framework/src/Illuminate/Foundation/Application.php(475): Illuminate\Foundation\ProviderRepository->load(Array)
#6 /var/www/blankon-fullpack-admin-theme/1.0.8/production/admin/laravel/vendor/laravel/framework/src/Illuminate/Foundation/Bootstrap/RegisterProviders.php(17): Illuminate\Foundation\Application->registerConfiguredProviders()
#7 /var/www/blankon-fullpack-admin-theme/1.0.8/production/admin/laravel/vendor/laravel/framework/src/Illuminate/Foundation/Application.php(194): Illuminate\Foundation\Bootstrap\RegisterProviders->bootstrap(Object(Illuminate\Foundation\Application))
#8 /var/www/blankon-fullpack-admin-theme/1.0.8/production/admin/laravel/vendor/laravel/framework/src/Illuminate/Foundation/Http/Kernel.php(215): Illuminate\Foundation\Application->bootstrapWith(Array)
#9 /var/www/blankon-fullpack-admin-theme/1.0.8/production/admin/laravel/vendor/laravel/framework/src/Illuminate/Foundation/Http/Kernel.php(110): Illuminate\Foundation\Http\Kernel->bootstrap()
#10 /var/www/blankon-fullpack-admin-theme/1.0.8/production/admin/laravel/vendor/laravel/framework/src/Illuminate/Foundation/Http/Kernel.php(86): Illuminate\Foundation\Http\Kernel->sendRequestThroughRouter(Object(Illuminate\Http\Request))
#11 /var/www/blankon-fullpack-admin-theme/1.0.8/production/admin/laravel/public/index.php(53): Illuminate\Foundation\Http\Kernel->handle(Object(Illuminate\Http\Request))
#12 {main}  
[2015-06-09 15:37:37] production.ERROR: exception 'ReflectionException' with message 'Class encrypter does not exist' in /var/www/blankon-fullpack-admin-theme/1.0.8/production/admin/laravel/vendor/laravel/framework/src/Illuminate/Container/Container.php:736
Stack trace:
#0 /var/www/blankon-fullpack-admin-theme/1.0.8/production/admin/laravel/vendor/laravel/framework/src/Illuminate/Container/Container.php(736): ReflectionClass->__construct('encrypter')
#1 /var/www/blankon-fullpack-admin-theme/1.0.8/production/admin/laravel/vendor/laravel/framework/src/Illuminate/Container/Container.php(626): Illuminate\Container\Container->build('encrypter', Array)
#2 /var/www/blankon-fullpack-admin-theme/1.0.8/production/admin/laravel/vendor/laravel/framework/src/Illuminate/Foundation/Application.php(642): Illuminate\Container\Container->make('encrypter', Array)
#3 /var/www/blankon-fullpack-admin-theme/1.0.8/production/admin/laravel/vendor/laravel/framework/src/Illuminate/Container/Container.php(837): Illuminate\Foundation\Application->make('Illuminate\Cont...')
#4 /var/www/blankon-fullpack-admin-theme/1.0.8/production/admin/laravel/vendor/laravel/framework/src/Illuminate/Container/Container.php(800): Illuminate\Container\Container->resolveClass(Object(ReflectionParameter))
#5 /var/www/blankon-fullpack-admin-theme/1.0.8/production/admin/laravel/vendor/laravel/framework/src/Illuminate/Container/Container.php(771): Illuminate\Container\Container->getDependencies(Array, Array)
#6 /var/www/blankon-fullpack-admin-theme/1.0.8/production/admin/laravel/vendor/laravel/framework/src/Illuminate/Container/Container.php(626): Illuminate\Container\Container->build('Illuminate\Cook...', Array)
#7 /var/www/blankon-fullpack-admin-theme/1.0.8/production/admin/laravel/vendor/laravel/framework/src/Illuminate/Foundation/Application.php(642): Illuminate\Container\Container->make('Illuminate\Cook...', Array)
#8 /var/www/blankon-fullpack-admin-theme/1.0.8/production/admin/laravel/vendor/laravel/framework/src/Illuminate/Foundation/Http/Kernel.php(135): Illuminate\Foundation\Application->make('Illuminate\Cook...')
#9 /var/www/blankon-fullpack-admin-theme/1.0.8/production/admin/laravel/public/index.php(57): Illuminate\Foundation\Http\Kernel->terminate(Object(Illuminate\Http\Request), Object(Illuminate\Http\Response))
#10 {main}  
[2015-06-09 15:37:39] production.ERROR: exception 'ErrorException' with message 'file_put_contents(/var/www/blankon-fullpack-admin-theme/1.0.8/production/admin/laravel/bootstrap/cache/services.json): failed to open stream: No such file or directory' in /var/www/blankon-fullpack-admin-theme/1.0.8/production/admin/laravel/vendor/laravel/framework/src/Illuminate/Filesystem/Filesystem.php:81
Stack trace:
#0 [internal function]: Illuminate\Foundation\Bootstrap\HandleExceptions->handleError(2, 'file_put_conten...', '/var/www/blanko...', 81, Array)
#1 /var/www/blankon-fullpack-admin-theme/1.0.8/production/admin/laravel/vendor/laravel/framework/src/Illuminate/Filesystem/Filesystem.php(81): file_put_contents('/var/www/blanko...', '{?    "provider...', 0)
#2 /var/www/blankon-fullpack-admin-theme/1.0.8/production/admin/laravel/vendor/laravel/framework/src/Illuminate/Foundation/ProviderRepository.php(188): Illuminate\Filesystem\Filesystem->put('/var/www/blanko...', '{?    "provider...')
#3 /var/www/blankon-fullpack-admin-theme/1.0.8/production/admin/laravel/vendor/laravel/framework/src/Illuminate/Foundation/ProviderRepository.php(135): Illuminate\Foundation\ProviderRepository->writeManifest(Array)
#4 /var/www/blankon-fullpack-admin-theme/1.0.8/production/admin/laravel/vendor/laravel/framework/src/Illuminate/Foundation/ProviderRepository.php(60): Illuminate\Foundation\ProviderRepository->compileManifest(Array)
#5 /var/www/blankon-fullpack-admin-theme/1.0.8/production/admin/laravel/vendor/laravel/framework/src/Illuminate/Foundation/Application.php(475): Illuminate\Foundation\ProviderRepository->load(Array)
#6 /var/www/blankon-fullpack-admin-theme/1.0.8/production/admin/laravel/vendor/laravel/framework/src/Illuminate/Foundation/Bootstrap/RegisterProviders.php(17): Illuminate\Foundation\Application->registerConfiguredProviders()
#7 /var/www/blankon-fullpack-admin-theme/1.0.8/production/admin/laravel/vendor/laravel/framework/src/Illuminate/Foundation/Application.php(194): Illuminate\Foundation\Bootstrap\RegisterProviders->bootstrap(Object(Illuminate\Foundation\Application))
#8 /var/www/blankon-fullpack-admin-theme/1.0.8/production/admin/laravel/vendor/laravel/framework/src/Illuminate/Foundation/Http/Kernel.php(215): Illuminate\Foundation\Application->bootstrapWith(Array)
#9 /var/www/blankon-fullpack-admin-theme/1.0.8/production/admin/laravel/vendor/laravel/framework/src/Illuminate/Foundation/Http/Kernel.php(110): Illuminate\Foundation\Http\Kernel->bootstrap()
#10 /var/www/blankon-fullpack-admin-theme/1.0.8/production/admin/laravel/vendor/laravel/framework/src/Illuminate/Foundation/Http/Kernel.php(86): Illuminate\Foundation\Http\Kernel->sendRequestThroughRouter(Object(Illuminate\Http\Request))
#11 /var/www/blankon-fullpack-admin-theme/1.0.8/production/admin/laravel/public/index.php(53): Illuminate\Foundation\Http\Kernel->handle(Object(Illuminate\Http\Request))
#12 {main}  
[2015-06-09 15:37:39] production.ERROR: exception 'ReflectionException' with message 'Class encrypter does not exist' in /var/www/blankon-fullpack-admin-theme/1.0.8/production/admin/laravel/vendor/laravel/framework/src/Illuminate/Container/Container.php:736
Stack trace:
#0 /var/www/blankon-fullpack-admin-theme/1.0.8/production/admin/laravel/vendor/laravel/framework/src/Illuminate/Container/Container.php(736): ReflectionClass->__construct('encrypter')
#1 /var/www/blankon-fullpack-admin-theme/1.0.8/production/admin/laravel/vendor/laravel/framework/src/Illuminate/Container/Container.php(626): Illuminate\Container\Container->build('encrypter', Array)
#2 /var/www/blankon-fullpack-admin-theme/1.0.8/production/admin/laravel/vendor/laravel/framework/src/Illuminate/Foundation/Application.php(642): Illuminate\Container\Container->make('encrypter', Array)
#3 /var/www/blankon-fullpack-admin-theme/1.0.8/production/admin/laravel/vendor/laravel/framework/src/Illuminate/Container/Container.php(837): Illuminate\Foundation\Application->make('Illuminate\Cont...')
#4 /var/www/blankon-fullpack-admin-theme/1.0.8/production/admin/laravel/vendor/laravel/framework/src/Illuminate/Container/Container.php(800): Illuminate\Container\Container->resolveClass(Object(ReflectionParameter))
#5 /var/www/blankon-fullpack-admin-theme/1.0.8/production/admin/laravel/vendor/laravel/framework/src/Illuminate/Container/Container.php(771): Illuminate\Container\Container->getDependencies(Array, Array)
#6 /var/www/blankon-fullpack-admin-theme/1.0.8/production/admin/laravel/vendor/laravel/framework/src/Illuminate/Container/Container.php(626): Illuminate\Container\Container->build('Illuminate\Cook...', Array)
#7 /var/www/blankon-fullpack-admin-theme/1.0.8/production/admin/laravel/vendor/laravel/framework/src/Illuminate/Foundation/Application.php(642): Illuminate\Container\Container->make('Illuminate\Cook...', Array)
#8 /var/www/blankon-fullpack-admin-theme/1.0.8/production/admin/laravel/vendor/laravel/framework/src/Illuminate/Foundation/Http/Kernel.php(135): Illuminate\Foundation\Application->make('Illuminate\Cook...')
#9 /var/www/blankon-fullpack-admin-theme/1.0.8/production/admin/laravel/public/index.php(57): Illuminate\Foundation\Http\Kernel->terminate(Object(Illuminate\Http\Request), Object(Illuminate\Http\Response))
#10 {main}  
[2015-06-09 15:37:41] production.ERROR: exception 'ErrorException' with message 'file_put_contents(/var/www/blankon-fullpack-admin-theme/1.0.8/production/admin/laravel/bootstrap/cache/services.json): failed to open stream: No such file or directory' in /var/www/blankon-fullpack-admin-theme/1.0.8/production/admin/laravel/vendor/laravel/framework/src/Illuminate/Filesystem/Filesystem.php:81
Stack trace:
#0 [internal function]: Illuminate\Foundation\Bootstrap\HandleExceptions->handleError(2, 'file_put_conten...', '/var/www/blanko...', 81, Array)
#1 /var/www/blankon-fullpack-admin-theme/1.0.8/production/admin/laravel/vendor/laravel/framework/src/Illuminate/Filesystem/Filesystem.php(81): file_put_contents('/var/www/blanko...', '{?    "provider...', 0)
#2 /var/www/blankon-fullpack-admin-theme/1.0.8/production/admin/laravel/vendor/laravel/framework/src/Illuminate/Foundation/ProviderRepository.php(188): Illuminate\Filesystem\Filesystem->put('/var/www/blanko...', '{?    "provider...')
#3 /var/www/blankon-fullpack-admin-theme/1.0.8/production/admin/laravel/vendor/laravel/framework/src/Illuminate/Foundation/ProviderRepository.php(135): Illuminate\Foundation\ProviderRepository->writeManifest(Array)
#4 /var/www/blankon-fullpack-admin-theme/1.0.8/production/admin/laravel/vendor/laravel/framework/src/Illuminate/Foundation/ProviderRepository.php(60): Illuminate\Foundation\ProviderRepository->compileManifest(Array)
#5 /var/www/blankon-fullpack-admin-theme/1.0.8/production/admin/laravel/vendor/laravel/framework/src/Illuminate/Foundation/Application.php(475): Illuminate\Foundation\ProviderRepository->load(Array)
#6 /var/www/blankon-fullpack-admin-theme/1.0.8/production/admin/laravel/vendor/laravel/framework/src/Illuminate/Foundation/Bootstrap/RegisterProviders.php(17): Illuminate\Foundation\Application->registerConfiguredProviders()
#7 /var/www/blankon-fullpack-admin-theme/1.0.8/production/admin/laravel/vendor/laravel/framework/src/Illuminate/Foundation/Application.php(194): Illuminate\Foundation\Bootstrap\RegisterProviders->bootstrap(Object(Illuminate\Foundation\Application))
#8 /var/www/blankon-fullpack-admin-theme/1.0.8/production/admin/laravel/vendor/laravel/framework/src/Illuminate/Foundation/Http/Kernel.php(215): Illuminate\Foundation\Application->bootstrapWith(Array)
#9 /var/www/blankon-fullpack-admin-theme/1.0.8/production/admin/laravel/vendor/laravel/framework/src/Illuminate/Foundation/Http/Kernel.php(110): Illuminate\Foundation\Http\Kernel->bootstrap()
#10 /var/www/blankon-fullpack-admin-theme/1.0.8/production/admin/laravel/vendor/laravel/framework/src/Illuminate/Foundation/Http/Kernel.php(86): Illuminate\Foundation\Http\Kernel->sendRequestThroughRouter(Object(Illuminate\Http\Request))
#11 /var/www/blankon-fullpack-admin-theme/1.0.8/production/admin/laravel/public/index.php(53): Illuminate\Foundation\Http\Kernel->handle(Object(Illuminate\Http\Request))
#12 {main}  
[2015-06-09 15:37:41] production.ERROR: exception 'ReflectionException' with message 'Class encrypter does not exist' in /var/www/blankon-fullpack-admin-theme/1.0.8/production/admin/laravel/vendor/laravel/framework/src/Illuminate/Container/Container.php:736
Stack trace:
#0 /var/www/blankon-fullpack-admin-theme/1.0.8/production/admin/laravel/vendor/laravel/framework/src/Illuminate/Container/Container.php(736): ReflectionClass->__construct('encrypter')
#1 /var/www/blankon-fullpack-admin-theme/1.0.8/production/admin/laravel/vendor/laravel/framework/src/Illuminate/Container/Container.php(626): Illuminate\Container\Container->build('encrypter', Array)
#2 /var/www/blankon-fullpack-admin-theme/1.0.8/production/admin/laravel/vendor/laravel/framework/src/Illuminate/Foundation/Application.php(642): Illuminate\Container\Container->make('encrypter', Array)
#3 /var/www/blankon-fullpack-admin-theme/1.0.8/production/admin/laravel/vendor/laravel/framework/src/Illuminate/Container/Container.php(837): Illuminate\Foundation\Application->make('Illuminate\Cont...')
#4 /var/www/blankon-fullpack-admin-theme/1.0.8/production/admin/laravel/vendor/laravel/framework/src/Illuminate/Container/Container.php(800): Illuminate\Container\Container->resolveClass(Object(ReflectionParameter))
#5 /var/www/blankon-fullpack-admin-theme/1.0.8/production/admin/laravel/vendor/laravel/framework/src/Illuminate/Container/Container.php(771): Illuminate\Container\Container->getDependencies(Array, Array)
#6 /var/www/blankon-fullpack-admin-theme/1.0.8/production/admin/laravel/vendor/laravel/framework/src/Illuminate/Container/Container.php(626): Illuminate\Container\Container->build('Illuminate\Cook...', Array)
#7 /var/www/blankon-fullpack-admin-theme/1.0.8/production/admin/laravel/vendor/laravel/framework/src/Illuminate/Foundation/Application.php(642): Illuminate\Container\Container->make('Illuminate\Cook...', Array)
#8 /var/www/blankon-fullpack-admin-theme/1.0.8/production/admin/laravel/vendor/laravel/framework/src/Illuminate/Foundation/Http/Kernel.php(135): Illuminate\Foundation\Application->make('Illuminate\Cook...')
#9 /var/www/blankon-fullpack-admin-theme/1.0.8/production/admin/laravel/public/index.php(57): Illuminate\Foundation\Http\Kernel->terminate(Object(Illuminate\Http\Request), Object(Illuminate\Http\Response))
#10 {main}  
[2015-06-09 15:37:45] production.ERROR: exception 'ErrorException' with message 'file_put_contents(/var/www/blankon-fullpack-admin-theme/1.0.8/production/admin/laravel/bootstrap/cache/services.json): failed to open stream: No such file or directory' in /var/www/blankon-fullpack-admin-theme/1.0.8/production/admin/laravel/vendor/laravel/framework/src/Illuminate/Filesystem/Filesystem.php:81
Stack trace:
#0 [internal function]: Illuminate\Foundation\Bootstrap\HandleExceptions->handleError(2, 'file_put_conten...', '/var/www/blanko...', 81, Array)
#1 /var/www/blankon-fullpack-admin-theme/1.0.8/production/admin/laravel/vendor/laravel/framework/src/Illuminate/Filesystem/Filesystem.php(81): file_put_contents('/var/www/blanko...', '{?    "provider...', 0)
#2 /var/www/blankon-fullpack-admin-theme/1.0.8/production/admin/laravel/vendor/laravel/framework/src/Illuminate/Foundation/ProviderRepository.php(188): Illuminate\Filesystem\Filesystem->put('/var/www/blanko...', '{?    "provider...')
#3 /var/www/blankon-fullpack-admin-theme/1.0.8/production/admin/laravel/vendor/laravel/framework/src/Illuminate/Foundation/ProviderRepository.php(135): Illuminate\Foundation\ProviderRepository->writeManifest(Array)
#4 /var/www/blankon-fullpack-admin-theme/1.0.8/production/admin/laravel/vendor/laravel/framework/src/Illuminate/Foundation/ProviderRepository.php(60): Illuminate\Foundation\ProviderRepository->compileManifest(Array)
#5 /var/www/blankon-fullpack-admin-theme/1.0.8/production/admin/laravel/vendor/laravel/framework/src/Illuminate/Foundation/Application.php(475): Illuminate\Foundation\ProviderRepository->load(Array)
#6 /var/www/blankon-fullpack-admin-theme/1.0.8/production/admin/laravel/vendor/laravel/framework/src/Illuminate/Foundation/Bootstrap/RegisterProviders.php(17): Illuminate\Foundation\Application->registerConfiguredProviders()
#7 /var/www/blankon-fullpack-admin-theme/1.0.8/production/admin/laravel/vendor/laravel/framework/src/Illuminate/Foundation/Application.php(194): Illuminate\Foundation\Bootstrap\RegisterProviders->bootstrap(Object(Illuminate\Foundation\Application))
#8 /var/www/blankon-fullpack-admin-theme/1.0.8/production/admin/laravel/vendor/laravel/framework/src/Illuminate/Foundation/Http/Kernel.php(215): Illuminate\Foundation\Application->bootstrapWith(Array)
#9 /var/www/blankon-fullpack-admin-theme/1.0.8/production/admin/laravel/vendor/laravel/framework/src/Illuminate/Foundation/Http/Kernel.php(110): Illuminate\Foundation\Http\Kernel->bootstrap()
#10 /var/www/blankon-fullpack-admin-theme/1.0.8/production/admin/laravel/vendor/laravel/framework/src/Illuminate/Foundation/Http/Kernel.php(86): Illuminate\Foundation\Http\Kernel->sendRequestThroughRouter(Object(Illuminate\Http\Request))
#11 /var/www/blankon-fullpack-admin-theme/1.0.8/production/admin/laravel/public/index.php(53): Illuminate\Foundation\Http\Kernel->handle(Object(Illuminate\Http\Request))
#12 {main}  
[2015-06-09 15:37:45] production.ERROR: exception 'ReflectionException' with message 'Class encrypter does not exist' in /var/www/blankon-fullpack-admin-theme/1.0.8/production/admin/laravel/vendor/laravel/framework/src/Illuminate/Container/Container.php:736
Stack trace:
#0 /var/www/blankon-fullpack-admin-theme/1.0.8/production/admin/laravel/vendor/laravel/framework/src/Illuminate/Container/Container.php(736): ReflectionClass->__construct('encrypter')
#1 /var/www/blankon-fullpack-admin-theme/1.0.8/production/admin/laravel/vendor/laravel/framework/src/Illuminate/Container/Container.php(626): Illuminate\Container\Container->build('encrypter', Array)
#2 /var/www/blankon-fullpack-admin-theme/1.0.8/production/admin/laravel/vendor/laravel/framework/src/Illuminate/Foundation/Application.php(642): Illuminate\Container\Container->make('encrypter', Array)
#3 /var/www/blankon-fullpack-admin-theme/1.0.8/production/admin/laravel/vendor/laravel/framework/src/Illuminate/Container/Container.php(837): Illuminate\Foundation\Application->make('Illuminate\Cont...')
#4 /var/www/blankon-fullpack-admin-theme/1.0.8/production/admin/laravel/vendor/laravel/framework/src/Illuminate/Container/Container.php(800): Illuminate\Container\Container->resolveClass(Object(ReflectionParameter))
#5 /var/www/blankon-fullpack-admin-theme/1.0.8/production/admin/laravel/vendor/laravel/framework/src/Illuminate/Container/Container.php(771): Illuminate\Container\Container->getDependencies(Array, Array)
#6 /var/www/blankon-fullpack-admin-theme/1.0.8/production/admin/laravel/vendor/laravel/framework/src/Illuminate/Container/Container.php(626): Illuminate\Container\Container->build('Illuminate\Cook...', Array)
#7 /var/www/blankon-fullpack-admin-theme/1.0.8/production/admin/laravel/vendor/laravel/framework/src/Illuminate/Foundation/Application.php(642): Illuminate\Container\Container->make('Illuminate\Cook...', Array)
#8 /var/www/blankon-fullpack-admin-theme/1.0.8/production/admin/laravel/vendor/laravel/framework/src/Illuminate/Foundation/Http/Kernel.php(135): Illuminate\Foundation\Application->make('Illuminate\Cook...')
#9 /var/www/blankon-fullpack-admin-theme/1.0.8/production/admin/laravel/public/index.php(57): Illuminate\Foundation\Http\Kernel->terminate(Object(Illuminate\Http\Request), Object(Illuminate\Http\Response))
#10 {main}  
[2015-06-09 16:18:15] production.ERROR: exception 'Symfony\Component\Debug\Exception\FatalErrorException' with message 'Class 'HTML' not found' in /var/www/blankon-fullpack-admin-theme/1.0.8/production/admin/laravel/storage/framework/views/ae7709f58e48cef1675d8770711b6779:69
Stack trace:
#0 {main}  
